c:\users\adria\onedrive\desktop\game programming\students\adriaan.bosch\solo assignment\source\framework\debug\vc141.pdb
c:\users\adria\onedrive\desktop\game programming\students\adriaan.bosch\solo assignment\source\framework\debug\vc141.idb
c:\users\adria\onedrive\desktop\game programming\students\adriaan.bosch\solo assignment\source\framework\debug\texturemanager.obj
c:\users\adria\onedrive\desktop\game programming\students\adriaan.bosch\solo assignment\source\framework\debug\texture.obj
c:\users\adria\onedrive\desktop\game programming\students\adriaan.bosch\solo assignment\source\framework\debug\special.obj
c:\users\adria\onedrive\desktop\game programming\students\adriaan.bosch\solo assignment\source\framework\debug\settings.obj
c:\users\adria\onedrive\desktop\game programming\students\adriaan.bosch\solo assignment\source\framework\debug\scorces.obj
c:\users\adria\onedrive\desktop\game programming\students\adriaan.bosch\solo assignment\source\framework\debug\rock.obj
c:\users\adria\onedrive\desktop\game programming\students\adriaan.bosch\solo assignment\source\framework\debug\pickaxe.obj
c:\users\adria\onedrive\desktop\game programming\students\adriaan.bosch\solo assignment\source\framework\debug\main.obj
c:\users\adria\onedrive\desktop\game programming\students\adriaan.bosch\solo assignment\source\framework\debug\logmanager.obj
c:\users\adria\onedrive\desktop\game programming\students\adriaan.bosch\solo assignment\source\framework\debug\inputhandler.obj
c:\users\adria\onedrive\desktop\game programming\students\adriaan.bosch\solo assignment\source\framework\debug\gem.obj
c:\users\adria\onedrive\desktop\game programming\students\adriaan.bosch\solo assignment\source\framework\debug\dynamite.obj
c:\users\adria\onedrive\desktop\game programming\students\adriaan.bosch\solo assignment\source\framework\debug\clay.obj
c:\users\adria\onedrive\desktop\game programming\students\adriaan.bosch\solo assignment\source\framework\debug\sprite.obj
c:\users\adria\onedrive\desktop\game programming\students\adriaan.bosch\solo assignment\source\framework\debug\gameobject.obj
c:\users\adria\onedrive\desktop\game programming\students\adriaan.bosch\solo assignment\source\framework\debug\game.obj
c:\users\adria\onedrive\desktop\game programming\students\adriaan.bosch\solo assignment\source\framework\debug\backbuffer.obj
c:\users\adria\onedrive\desktop\game programming\students\adriaan.bosch\solo assignment\source\debug\framework.exe
c:\users\adria\onedrive\desktop\game programming\students\adriaan.bosch\solo assignment\source\debug\framework.ilk
c:\users\adria\onedrive\desktop\game programming\students\adriaan.bosch\solo assignment\source\debug\framework.pdb
c:\users\adria\onedrive\desktop\game programming\students\adriaan.bosch\solo assignment\source\framework\debug\framework.tlog\cl.command.1.tlog
c:\users\adria\onedrive\desktop\game programming\students\adriaan.bosch\solo assignment\source\framework\debug\framework.tlog\cl.read.1.tlog
c:\users\adria\onedrive\desktop\game programming\students\adriaan.bosch\solo assignment\source\framework\debug\framework.tlog\cl.write.1.tlog
c:\users\adria\onedrive\desktop\game programming\students\adriaan.bosch\solo assignment\source\framework\debug\framework.tlog\link.command.1.tlog
c:\users\adria\onedrive\desktop\game programming\students\adriaan.bosch\solo assignment\source\framework\debug\framework.tlog\link.read.1.tlog
c:\users\adria\onedrive\desktop\game programming\students\adriaan.bosch\solo assignment\source\framework\debug\framework.tlog\link.write.1.tlog
