c:\users\adria\onedrive\desktop\game programming\students\adriaan.bosch\solo assignment\game\gemshooter\gemshooter\debug\vc141.pdb
c:\users\adria\onedrive\desktop\game programming\students\adriaan.bosch\solo assignment\game\gemshooter\gemshooter\debug\vc141.idb
c:\users\adria\onedrive\desktop\game programming\students\adriaan.bosch\solo assignment\game\gemshooter\gemshooter\debug\texturemanager.obj
c:\users\adria\onedrive\desktop\game programming\students\adriaan.bosch\solo assignment\game\gemshooter\gemshooter\debug\texture.obj
c:\users\adria\onedrive\desktop\game programming\students\adriaan.bosch\solo assignment\game\gemshooter\gemshooter\debug\sprite.obj
c:\users\adria\onedrive\desktop\game programming\students\adriaan.bosch\solo assignment\game\gemshooter\gemshooter\debug\special.obj
c:\users\adria\onedrive\desktop\game programming\students\adriaan.bosch\solo assignment\game\gemshooter\gemshooter\debug\settings.obj
c:\users\adria\onedrive\desktop\game programming\students\adriaan.bosch\solo assignment\game\gemshooter\gemshooter\debug\scorces.obj
c:\users\adria\onedrive\desktop\game programming\students\adriaan.bosch\solo assignment\game\gemshooter\gemshooter\debug\rock.obj
c:\users\adria\onedrive\desktop\game programming\students\adriaan.bosch\solo assignment\game\gemshooter\gemshooter\debug\pickaxe.obj
c:\users\adria\onedrive\desktop\game programming\students\adriaan.bosch\solo assignment\game\gemshooter\gemshooter\debug\nextgem.obj
c:\users\adria\onedrive\desktop\game programming\students\adriaan.bosch\solo assignment\game\gemshooter\gemshooter\debug\logmanager.obj
c:\users\adria\onedrive\desktop\game programming\students\adriaan.bosch\solo assignment\game\gemshooter\gemshooter\debug\inputhandler.obj
c:\users\adria\onedrive\desktop\game programming\students\adriaan.bosch\solo assignment\game\gemshooter\gemshooter\debug\gemshooter.obj
c:\users\adria\onedrive\desktop\game programming\students\adriaan.bosch\solo assignment\game\gemshooter\gemshooter\debug\gem.obj
c:\users\adria\onedrive\desktop\game programming\students\adriaan.bosch\solo assignment\game\gemshooter\gemshooter\debug\gameobject.obj
c:\users\adria\onedrive\desktop\game programming\students\adriaan.bosch\solo assignment\game\gemshooter\gemshooter\debug\game.obj
c:\users\adria\onedrive\desktop\game programming\students\adriaan.bosch\solo assignment\game\gemshooter\gemshooter\debug\dynamite.obj
c:\users\adria\onedrive\desktop\game programming\students\adriaan.bosch\solo assignment\game\gemshooter\gemshooter\debug\currentgem.obj
c:\users\adria\onedrive\desktop\game programming\students\adriaan.bosch\solo assignment\game\gemshooter\gemshooter\debug\clay.obj
c:\users\adria\onedrive\desktop\game programming\students\adriaan.bosch\solo assignment\game\gemshooter\gemshooter\debug\backbuffer.obj
c:\users\adria\onedrive\desktop\game programming\students\adriaan.bosch\solo assignment\game\gemshooter\debug\gemshooter.pdb
c:\users\adria\onedrive\desktop\game programming\students\adriaan.bosch\solo assignment\game\gemshooter\gemshooter\debug\gemshooter.tlog\cl.command.1.tlog
c:\users\adria\onedrive\desktop\game programming\students\adriaan.bosch\solo assignment\game\gemshooter\gemshooter\debug\gemshooter.tlog\cl.read.1.tlog
c:\users\adria\onedrive\desktop\game programming\students\adriaan.bosch\solo assignment\game\gemshooter\gemshooter\debug\gemshooter.tlog\cl.write.1.tlog
c:\users\adria\onedrive\desktop\game programming\students\adriaan.bosch\solo assignment\game\gemshooter\gemshooter\debug\gemshooter.tlog\link-cvtres.read.1.tlog
c:\users\adria\onedrive\desktop\game programming\students\adriaan.bosch\solo assignment\game\gemshooter\gemshooter\debug\gemshooter.tlog\link-cvtres.write.1.tlog
c:\users\adria\onedrive\desktop\game programming\students\adriaan.bosch\solo assignment\game\gemshooter\gemshooter\debug\gemshooter.tlog\link-rc.read.1.tlog
c:\users\adria\onedrive\desktop\game programming\students\adriaan.bosch\solo assignment\game\gemshooter\gemshooter\debug\gemshooter.tlog\link-rc.write.1.tlog
c:\users\adria\onedrive\desktop\game programming\students\adriaan.bosch\solo assignment\game\gemshooter\gemshooter\debug\gemshooter.tlog\link.command.1.tlog
c:\users\adria\onedrive\desktop\game programming\students\adriaan.bosch\solo assignment\game\gemshooter\gemshooter\debug\gemshooter.tlog\link.read.1.tlog
c:\users\adria\onedrive\desktop\game programming\students\adriaan.bosch\solo assignment\game\gemshooter\gemshooter\debug\gemshooter.tlog\link.write.1.tlog
